2021-11-02 10:57:11.161  INFO 5372 --- [main] t.e.spring.TimesheetApplicationTests     : Starting TimesheetApplicationTests on pc-PC with PID 5372 (started by pc in C:\Users\pc\Desktop\copie de timesheet\timesheet)
2021-11-02 10:57:11.170  INFO 5372 --- [main] t.e.spring.TimesheetApplicationTests     : No active profile set, falling back to default profiles: default
2021-11-02 10:57:20.784  INFO 5372 --- [main] o.hibernate.jpa.internal.util.LogHelper  : HHH000204: Processing PersistenceUnitInfo [name: default]
2021-11-02 10:57:21.630  INFO 5372 --- [main] org.hibernate.Version                    : HHH000412: Hibernate Core {5.4.8.Final}
2021-11-02 10:57:23.114  INFO 5372 --- [main] o.hibernate.annotations.common.Version   : HCANN000001: Hibernate Commons Annotations {5.1.0.Final}
2021-11-02 10:57:24.407  INFO 5372 --- [main] org.hibernate.dialect.Dialect            : HHH000400: Using dialect: org.hibernate.dialect.MySQL5InnoDBDialect
2021-11-02 10:57:28.093  INFO 5372 --- [main] o.h.e.t.j.p.i.JtaPlatformInitiator       : HHH000490: Using JtaPlatform implementation: [org.hibernate.engine.transaction.jta.platform.internal.NoJtaPlatform]
2021-11-02 10:57:30.393  WARN 5372 --- [main] JpaBaseConfiguration$JpaWebConfiguration : spring.jpa.open-in-view is enabled by default. Therefore, database queries may be performed during view rendering. Explicitly configure spring.jpa.open-in-view to disable this warning
2021-11-02 10:57:32.699  INFO 5372 --- [main] t.e.spring.TimesheetApplicationTests     : Started TimesheetApplicationTests in 22.1 seconds (JVM running for 23.455)
2021-11-02 10:57:58.478  INFO 4212 --- [main] t.e.spring.TimesheetApplicationTests     : Starting TimesheetApplicationTests on pc-PC with PID 4212 (started by pc in C:\Users\pc\Desktop\copie de timesheet\timesheet)
2021-11-02 10:57:58.480  INFO 4212 --- [main] t.e.spring.TimesheetApplicationTests     : No active profile set, falling back to default profiles: default
2021-11-02 10:58:00.980  INFO 4212 --- [main] o.hibernate.jpa.internal.util.LogHelper  : HHH000204: Processing PersistenceUnitInfo [name: default]
2021-11-02 10:58:01.162  INFO 4212 --- [main] org.hibernate.Version                    : HHH000412: Hibernate Core {5.4.8.Final}
2021-11-02 10:58:01.317  INFO 4212 --- [main] o.hibernate.annotations.common.Version   : HCANN000001: Hibernate Commons Annotations {5.1.0.Final}
2021-11-02 10:58:01.872  INFO 4212 --- [main] org.hibernate.dialect.Dialect            : HHH000400: Using dialect: org.hibernate.dialect.MySQL5InnoDBDialect
2021-11-02 10:58:03.197  INFO 4212 --- [main] o.h.e.t.j.p.i.JtaPlatformInitiator       : HHH000490: Using JtaPlatform implementation: [org.hibernate.engine.transaction.jta.platform.internal.NoJtaPlatform]
2021-11-02 10:58:04.724  WARN 4212 --- [main] JpaBaseConfiguration$JpaWebConfiguration : spring.jpa.open-in-view is enabled by default. Therefore, database queries may be performed during view rendering. Explicitly configure spring.jpa.open-in-view to disable this warning
2021-11-02 10:58:05.987  INFO 4212 --- [main] t.e.spring.TimesheetApplicationTests     : Started TimesheetApplicationTests in 8.155 seconds (JVM running for 9.847)
2021-11-02 11:48:47.210  INFO 7060 --- [main] t.e.spring.TimesheetApplicationTests     : Starting TimesheetApplicationTests on pc-PC with PID 7060 (started by pc in C:\Users\pc\Desktop\PD\timesheet)
2021-11-02 11:48:47.226  INFO 7060 --- [main] t.e.spring.TimesheetApplicationTests     : No active profile set, falling back to default profiles: default
2021-11-02 11:48:49.722  INFO 7060 --- [main] o.hibernate.jpa.internal.util.LogHelper  : HHH000204: Processing PersistenceUnitInfo [name: default]
2021-11-02 11:48:49.920  INFO 7060 --- [main] org.hibernate.Version                    : HHH000412: Hibernate Core {5.4.8.Final}
2021-11-02 11:48:50.121  INFO 7060 --- [main] o.hibernate.annotations.common.Version   : HCANN000001: Hibernate Commons Annotations {5.1.0.Final}
2021-11-02 11:48:50.746  INFO 7060 --- [main] org.hibernate.dialect.Dialect            : HHH000400: Using dialect: org.hibernate.dialect.MySQL5InnoDBDialect
2021-11-02 11:48:52.363  INFO 7060 --- [main] o.h.e.t.j.p.i.JtaPlatformInitiator       : HHH000490: Using JtaPlatform implementation: [org.hibernate.engine.transaction.jta.platform.internal.NoJtaPlatform]
2021-11-02 11:48:54.077  WARN 7060 --- [main] JpaBaseConfiguration$JpaWebConfiguration : spring.jpa.open-in-view is enabled by default. Therefore, database queries may be performed during view rendering. Explicitly configure spring.jpa.open-in-view to disable this warning
2021-11-02 11:48:55.467  INFO 7060 --- [main] t.e.spring.TimesheetApplicationTests     : Started TimesheetApplicationTests in 8.894 seconds (JVM running for 10.187)
2021-11-02 11:51:55.220  INFO 7104 --- [main] t.e.spring.TimesheetApplicationTests     : Starting TimesheetApplicationTests on pc-PC with PID 7104 (started by pc in C:\Users\pc\Desktop\PD\timesheet)
2021-11-02 11:51:55.222  INFO 7104 --- [main] t.e.spring.TimesheetApplicationTests     : No active profile set, falling back to default profiles: default
2021-11-02 11:51:57.741  INFO 7104 --- [main] o.hibernate.jpa.internal.util.LogHelper  : HHH000204: Processing PersistenceUnitInfo [name: default]
2021-11-02 11:51:57.871  INFO 7104 --- [main] org.hibernate.Version                    : HHH000412: Hibernate Core {5.4.8.Final}
2021-11-02 11:51:58.169  INFO 7104 --- [main] o.hibernate.annotations.common.Version   : HCANN000001: Hibernate Commons Annotations {5.1.0.Final}
2021-11-02 11:51:58.758  INFO 7104 --- [main] org.hibernate.dialect.Dialect            : HHH000400: Using dialect: org.hibernate.dialect.MySQL5InnoDBDialect
2021-11-02 11:52:00.590  INFO 7104 --- [main] o.h.e.t.j.p.i.JtaPlatformInitiator       : HHH000490: Using JtaPlatform implementation: [org.hibernate.engine.transaction.jta.platform.internal.NoJtaPlatform]
2021-11-02 11:52:02.244  WARN 7104 --- [main] JpaBaseConfiguration$JpaWebConfiguration : spring.jpa.open-in-view is enabled by default. Therefore, database queries may be performed during view rendering. Explicitly configure spring.jpa.open-in-view to disable this warning
2021-11-02 11:52:03.660  INFO 7104 --- [main] t.e.spring.TimesheetApplicationTests     : Started TimesheetApplicationTests in 9.099 seconds (JVM running for 10.449)
2021-11-02 11:52:17.100  INFO 6480 --- [main] t.e.spring.TimesheetApplicationTests     : Starting TimesheetApplicationTests on pc-PC with PID 6480 (started by pc in C:\Users\pc\Desktop\PD\timesheet)
2021-11-02 11:52:17.102  INFO 6480 --- [main] t.e.spring.TimesheetApplicationTests     : No active profile set, falling back to default profiles: default
2021-11-02 11:52:19.411  INFO 6480 --- [main] o.hibernate.jpa.internal.util.LogHelper  : HHH000204: Processing PersistenceUnitInfo [name: default]
2021-11-02 11:52:19.612  INFO 6480 --- [main] org.hibernate.Version                    : HHH000412: Hibernate Core {5.4.8.Final}
2021-11-02 11:52:19.772  INFO 6480 --- [main] o.hibernate.annotations.common.Version   : HCANN000001: Hibernate Commons Annotations {5.1.0.Final}
2021-11-02 11:52:20.379  INFO 6480 --- [main] org.hibernate.dialect.Dialect            : HHH000400: Using dialect: org.hibernate.dialect.MySQL5InnoDBDialect
2021-11-02 11:52:22.003  INFO 6480 --- [main] o.h.e.t.j.p.i.JtaPlatformInitiator       : HHH000490: Using JtaPlatform implementation: [org.hibernate.engine.transaction.jta.platform.internal.NoJtaPlatform]
2021-11-02 11:52:23.608  WARN 6480 --- [main] JpaBaseConfiguration$JpaWebConfiguration : spring.jpa.open-in-view is enabled by default. Therefore, database queries may be performed during view rendering. Explicitly configure spring.jpa.open-in-view to disable this warning
2021-11-02 11:52:24.775  INFO 6480 --- [main] t.e.spring.TimesheetApplicationTests     : Started TimesheetApplicationTests in 8.327 seconds (JVM running for 9.724)
2021-11-02 13:58:37.531  INFO 3848 --- [main] t.e.spring.TimesheetApplicationTests     : Starting TimesheetApplicationTests on pc-PC with PID 3848 (started by pc in C:\Users\pc\Desktop\PD\timesheet)
2021-11-02 13:58:37.552  INFO 3848 --- [main] t.e.spring.TimesheetApplicationTests     : No active profile set, falling back to default profiles: default
2021-11-02 13:58:51.091  INFO 3848 --- [main] o.hibernate.jpa.internal.util.LogHelper  : HHH000204: Processing PersistenceUnitInfo [name: default]
2021-11-02 13:58:51.793  INFO 3848 --- [main] org.hibernate.Version                    : HHH000412: Hibernate Core {5.4.8.Final}
2021-11-02 13:58:53.478  INFO 3848 --- [main] o.hibernate.annotations.common.Version   : HCANN000001: Hibernate Commons Annotations {5.1.0.Final}
2021-11-02 13:58:57.071  INFO 3848 --- [main] org.hibernate.dialect.Dialect            : HHH000400: Using dialect: org.hibernate.dialect.MySQL5InnoDBDialect
2021-11-02 13:59:04.522  INFO 3848 --- [main] o.h.e.t.j.p.i.JtaPlatformInitiator       : HHH000490: Using JtaPlatform implementation: [org.hibernate.engine.transaction.jta.platform.internal.NoJtaPlatform]
2021-11-02 13:59:15.270  WARN 3848 --- [main] JpaBaseConfiguration$JpaWebConfiguration : spring.jpa.open-in-view is enabled by default. Therefore, database queries may be performed during view rendering. Explicitly configure spring.jpa.open-in-view to disable this warning
2021-11-02 13:59:17.559  INFO 3848 --- [main] t.e.spring.TimesheetApplicationTests     : Started TimesheetApplicationTests in 43.738 seconds (JVM running for 50.83)
2021-11-02 14:08:37.111  INFO 4312 --- [main] t.e.spring.TimesheetApplicationTests     : Starting TimesheetApplicationTests on pc-PC with PID 4312 (started by pc in C:\Users\pc\Desktop\PD\timesheet)
2021-11-02 14:08:37.252  INFO 4312 --- [main] t.e.spring.TimesheetApplicationTests     : No active profile set, falling back to default profiles: default
2021-11-02 14:08:42.602  INFO 4312 --- [main] o.hibernate.jpa.internal.util.LogHelper  : HHH000204: Processing PersistenceUnitInfo [name: default]
2021-11-02 14:08:43.371  INFO 4312 --- [main] org.hibernate.Version                    : HHH000412: Hibernate Core {5.4.8.Final}
2021-11-02 14:08:44.056  INFO 4312 --- [main] o.hibernate.annotations.common.Version   : HCANN000001: Hibernate Commons Annotations {5.1.0.Final}
2021-11-02 14:08:45.710  INFO 4312 --- [main] org.hibernate.dialect.Dialect            : HHH000400: Using dialect: org.hibernate.dialect.MySQL5InnoDBDialect
2021-11-02 14:08:51.582  INFO 4312 --- [main] o.h.e.t.j.p.i.JtaPlatformInitiator       : HHH000490: Using JtaPlatform implementation: [org.hibernate.engine.transaction.jta.platform.internal.NoJtaPlatform]
2021-11-02 14:08:55.413  WARN 4312 --- [main] JpaBaseConfiguration$JpaWebConfiguration : spring.jpa.open-in-view is enabled by default. Therefore, database queries may be performed during view rendering. Explicitly configure spring.jpa.open-in-view to disable this warning
2021-11-02 14:08:57.447  INFO 4312 --- [main] t.e.spring.TimesheetApplicationTests     : Started TimesheetApplicationTests in 20.889 seconds (JVM running for 22.17)
2021-11-02 14:09:22.439  INFO 3584 --- [main] t.e.spring.TimesheetApplicationTests     : Starting TimesheetApplicationTests on pc-PC with PID 3584 (started by pc in C:\Users\pc\Desktop\PD\timesheet)
2021-11-02 14:09:22.441  INFO 3584 --- [main] t.e.spring.TimesheetApplicationTests     : No active profile set, falling back to default profiles: default
2021-11-02 14:09:24.766  INFO 3584 --- [main] o.hibernate.jpa.internal.util.LogHelper  : HHH000204: Processing PersistenceUnitInfo [name: default]
2021-11-02 14:09:24.938  INFO 3584 --- [main] org.hibernate.Version                    : HHH000412: Hibernate Core {5.4.8.Final}
2021-11-02 14:09:25.081  INFO 3584 --- [main] o.hibernate.annotations.common.Version   : HCANN000001: Hibernate Commons Annotations {5.1.0.Final}
2021-11-02 14:09:25.590  INFO 3584 --- [main] org.hibernate.dialect.Dialect            : HHH000400: Using dialect: org.hibernate.dialect.MySQL5InnoDBDialect
2021-11-02 14:09:27.155  INFO 3584 --- [main] o.h.e.t.j.p.i.JtaPlatformInitiator       : HHH000490: Using JtaPlatform implementation: [org.hibernate.engine.transaction.jta.platform.internal.NoJtaPlatform]
2021-11-02 14:09:28.684  WARN 3584 --- [main] JpaBaseConfiguration$JpaWebConfiguration : spring.jpa.open-in-view is enabled by default. Therefore, database queries may be performed during view rendering. Explicitly configure spring.jpa.open-in-view to disable this warning
2021-11-02 14:09:29.886  INFO 3584 --- [main] t.e.spring.TimesheetApplicationTests     : Started TimesheetApplicationTests in 8.148 seconds (JVM running for 9.424)
